<?xml version="1.0" encoding="UTF-8"?>
<!-- Generated by org.testng.reporters.JUnitXMLReporter -->
<testsuite ignored="0" hostname="DESKTOP-HGQMFMG" failures="0" tests="5" name="Default test" time="61.614" errors="0" timestamp="2024-03-07T21:53:08 IST">
  <testcase classname="web.testcases.Forget_password" name="Verify_printer" time="0.015"/>
  <testcase classname="web.testcases.Forget_password" name="Verify_HomePageText" time="3.224"/>
  <testcase classname="web.testcases.Forget_password" name="Verify_empty_values" time="14.794"/>
  <testcase classname="web.testcases.Forget_password" name="verify_forgetScreen" time="8.68"/>
  <testcase classname="web.testcases.Forget_password" name="verify_username" time="17.05"/>
</testsuite> <!-- Default test -->
